<?xml version="1.0" encoding="UTF-8"?>
<testng-results skipped="0" failed="0" ignored="0" total="1" passed="1">
  <reporter-output>
  </reporter-output>
  <suite name="Default suite" duration-ms="15497" started-at="2019-09-30T02:27:27Z" finished-at="2019-09-30T02:27:43Z">
    <groups>
    </groups>
    <test name="Default test" duration-ms="15497" started-at="2019-09-30T02:27:27Z" finished-at="2019-09-30T02:27:43Z">
      <class name="com.assignment2.testcases.SwagLabsLoginTest">
        <test-method status="PASS" signature="setUp()[pri:0, instance:com.assignment2.testcases.SwagLabsLoginTest@548e7350]" name="setUp" is-config="true" duration-ms="12294" started-at="2019-09-30T02:27:27Z" finished-at="2019-09-30T02:27:40Z">
          <reporter-output>
          </reporter-output>
        </test-method> <!-- setUp -->
        <test-method status="PASS" signature="userloginTest()[pri:0, instance:com.assignment2.testcases.SwagLabsLoginTest@548e7350]" name="userloginTest" duration-ms="3168" started-at="2019-09-30T02:27:40Z" finished-at="2019-09-30T02:27:43Z">
          <reporter-output>
          </reporter-output>
        </test-method> <!-- userloginTest -->
        <test-method status="PASS" signature="teadDown()[pri:0, instance:com.assignment2.testcases.SwagLabsLoginTest@548e7350]" name="teadDown" is-config="true" duration-ms="0" started-at="2019-09-30T02:27:43Z" finished-at="2019-09-30T02:27:43Z">
          <reporter-output>
          </reporter-output>
        </test-method> <!-- teadDown -->
      </class> <!-- com.assignment2.testcases.SwagLabsLoginTest -->
    </test> <!-- Default test -->
  </suite> <!-- Default suite -->
</testng-results>
